27-May-2023 19:32:16.636 INFO [main] org.apache.catalina.startup.VersionLoggerListener.log Server version name:   Apache Tomcat/9.0.75
27-May-2023 19:32:16.641 INFO [main] org.apache.catalina.startup.VersionLoggerListener.log Server built:          May 4 2023 13:04:05 UTC
27-May-2023 19:32:16.641 INFO [main] org.apache.catalina.startup.VersionLoggerListener.log Server version number: 9.0.75.0
27-May-2023 19:32:16.642 INFO [main] org.apache.catalina.startup.VersionLoggerListener.log OS Name:               Windows 10
27-May-2023 19:32:16.642 INFO [main] org.apache.catalina.startup.VersionLoggerListener.log OS Version:            10.0
27-May-2023 19:32:16.642 INFO [main] org.apache.catalina.startup.VersionLoggerListener.log Architecture:          amd64
27-May-2023 19:32:16.642 INFO [main] org.apache.catalina.startup.VersionLoggerListener.log Java Home:             C:\Program Files\Java\jdk-18.0.2.1
27-May-2023 19:32:16.642 INFO [main] org.apache.catalina.startup.VersionLoggerListener.log JVM Version:           18.0.2.1+1-1
27-May-2023 19:32:16.643 INFO [main] org.apache.catalina.startup.VersionLoggerListener.log JVM Vendor:            Oracle Corporation
27-May-2023 19:32:16.643 INFO [main] org.apache.catalina.startup.VersionLoggerListener.log CATALINA_BASE:         D:\WEB\apache-tomcat-9.0.75
27-May-2023 19:32:16.643 INFO [main] org.apache.catalina.startup.VersionLoggerListener.log CATALINA_HOME:         D:\WEB\apache-tomcat-9.0.75
27-May-2023 19:32:16.659 INFO [main] org.apache.catalina.startup.VersionLoggerListener.log Command line argument: -Djava.util.logging.config.file=d:\WEB\apache-tomcat-9.0.75/conf/logging.properties
27-May-2023 19:32:16.659 INFO [main] org.apache.catalina.startup.VersionLoggerListener.log Command line argument: -Djava.util.logging.manager=org.apache.juli.ClassLoaderLogManager
27-May-2023 19:32:16.659 INFO [main] org.apache.catalina.startup.VersionLoggerListener.log Command line argument: -Djdk.tls.ephemeralDHKeySize=2048
27-May-2023 19:32:16.659 INFO [main] org.apache.catalina.startup.VersionLoggerListener.log Command line argument: -Djava.protocol.handler.pkgs=org.apache.catalina.webresources
27-May-2023 19:32:16.660 INFO [main] org.apache.catalina.startup.VersionLoggerListener.log Command line argument: -Dorg.apache.catalina.security.SecurityListener.UMASK=0027
27-May-2023 19:32:16.660 INFO [main] org.apache.catalina.startup.VersionLoggerListener.log Command line argument: -Dcatalina.base=d:\WEB\apache-tomcat-9.0.75
27-May-2023 19:32:16.660 INFO [main] org.apache.catalina.startup.VersionLoggerListener.log Command line argument: -Dcatalina.home=d:\WEB\apache-tomcat-9.0.75
27-May-2023 19:32:16.660 INFO [main] org.apache.catalina.startup.VersionLoggerListener.log Command line argument: -Djava.io.tmpdir=d:\WEB\apache-tomcat-9.0.75/temp
27-May-2023 19:32:16.707 INFO [main] org.apache.catalina.core.AprLifecycleListener.lifecycleEvent Loaded Apache Tomcat Native library [1.2.36] using APR version [1.7.2].
27-May-2023 19:32:16.708 INFO [main] org.apache.catalina.core.AprLifecycleListener.lifecycleEvent APR capabilities: IPv6 [true], sendfile [true], accept filters [false], random [true], UDS [true].
27-May-2023 19:32:16.708 INFO [main] org.apache.catalina.core.AprLifecycleListener.lifecycleEvent APR/OpenSSL configuration: useAprConnector [false], useOpenSSL [true]
27-May-2023 19:32:16.732 INFO [main] org.apache.catalina.core.AprLifecycleListener.initializeSSL OpenSSL successfully initialized [OpenSSL 1.1.1t  7 Feb 2023]
27-May-2023 19:32:17.037 INFO [main] org.apache.coyote.AbstractProtocol.init Initializing ProtocolHandler ["http-nio-8080"]
27-May-2023 19:32:17.064 INFO [main] org.apache.catalina.startup.Catalina.load Server initialization in [722] milliseconds
27-May-2023 19:32:17.125 INFO [main] org.apache.catalina.core.StandardService.startInternal Starting service [Catalina]
27-May-2023 19:32:17.125 INFO [main] org.apache.catalina.core.StandardEngine.startInternal Starting Servlet engine: [Apache Tomcat/9.0.75]
27-May-2023 19:32:17.136 INFO [main] org.apache.catalina.startup.HostConfig.deployDirectory Deploying web application directory [D:\WEB\apache-tomcat-9.0.75\webapps\docs]
27-May-2023 19:32:17.476 INFO [main] org.apache.catalina.startup.HostConfig.deployDirectory Deployment of web application directory [D:\WEB\apache-tomcat-9.0.75\webapps\docs] has finished in [340] ms
27-May-2023 19:32:17.477 INFO [main] org.apache.catalina.startup.HostConfig.deployDirectory Deploying web application directory [D:\WEB\apache-tomcat-9.0.75\webapps\examples]
27-May-2023 19:32:18.212 INFO [main] org.apache.catalina.startup.HostConfig.deployDirectory Deployment of web application directory [D:\WEB\apache-tomcat-9.0.75\webapps\examples] has finished in [735] ms
27-May-2023 19:32:18.212 INFO [main] org.apache.catalina.startup.HostConfig.deployDirectory Deploying web application directory [D:\WEB\apache-tomcat-9.0.75\webapps\host-manager]
27-May-2023 19:32:18.263 INFO [main] org.apache.catalina.startup.HostConfig.deployDirectory Deployment of web application directory [D:\WEB\apache-tomcat-9.0.75\webapps\host-manager] has finished in [51] ms
27-May-2023 19:32:18.263 INFO [main] org.apache.catalina.startup.HostConfig.deployDirectory Deploying web application directory [D:\WEB\apache-tomcat-9.0.75\webapps\manager]
27-May-2023 19:32:18.327 INFO [main] org.apache.catalina.startup.HostConfig.deployDirectory Deployment of web application directory [D:\WEB\apache-tomcat-9.0.75\webapps\manager] has finished in [63] ms
27-May-2023 19:32:18.327 INFO [main] org.apache.catalina.startup.HostConfig.deployDirectory Deploying web application directory [D:\WEB\apache-tomcat-9.0.75\webapps\ROOT]
27-May-2023 19:32:18.382 INFO [main] org.apache.catalina.startup.HostConfig.deployDirectory Deployment of web application directory [D:\WEB\apache-tomcat-9.0.75\webapps\ROOT] has finished in [55] ms
27-May-2023 19:32:18.391 INFO [main] org.apache.coyote.AbstractProtocol.start Starting ProtocolHandler ["http-nio-8080"]
27-May-2023 19:32:18.442 INFO [main] org.apache.catalina.startup.Catalina.start Server startup in [1376] milliseconds
27-May-2023 19:32:58.446 INFO [Catalina-utility-2] org.apache.catalina.startup.HostConfig.deployDirectory Deploying web application directory [D:\WEB\apache-tomcat-9.0.75\webapps\WEBAPP]
27-May-2023 19:33:02.194 INFO [Catalina-utility-2] org.apache.jasper.servlet.TldScanner.scanJars At least one JAR was scanned for TLDs yet contained no TLDs. Enable debug logging for this logger for a complete list of JARs that were scanned but no TLDs were found in them. Skipping unneeded JARs during scanning can improve startup time and JSP compilation time.
27-May-2023 19:33:03.313 INFO [Catalina-utility-2] org.apache.catalina.startup.HostConfig.deployDirectory Deployment of web application directory [D:\WEB\apache-tomcat-9.0.75\webapps\WEBAPP] has finished in [4,867] ms
27-May-2023 19:35:13.948 INFO [Catalina-utility-1] org.apache.catalina.startup.HostConfig.undeploy Undeploying context [/WEBAPP]
27-May-2023 19:35:13.952 WARNING [Catalina-utility-1] org.apache.catalina.loader.WebappClassLoaderBase.clearReferencesObjectStreamClassCaches When running on Java 9 or later you need to add "--add-opens=java.base/java.io=ALL-UNNAMED" to the JVM command line arguments to enable ObjectStream cache memory leak protection. Alternatively, you can suppress this warning by disabling ObjectStream class cache memory leak protection.
27-May-2023 19:35:13.954 WARNING [Catalina-utility-1] org.apache.catalina.loader.WebappClassLoaderBase.checkThreadLocalsForLeaks When running on Java 9 or later you need to add "--add-opens=java.base/java.lang=ALL-UNNAMED" to the JVM command line arguments to enable ThreadLocal memory leak detection. Alternatively, you can suppress this warning by disabling ThreadLocal memory leak detection.
27-May-2023 19:35:13.954 WARNING [Catalina-utility-1] org.apache.catalina.loader.WebappClassLoaderBase.clearReferencesRmiTargets When running on Java 9 or later you need to add "--add-opens=java.rmi/sun.rmi.transport=ALL-UNNAMED" to the JVM command line arguments to enable RMI Target memory leak detection. Alternatively, you can suppress this warning by disabling RMI Target memory leak detection.
27-May-2023 19:52:23.508 INFO [main] org.apache.catalina.core.StandardServer.await A valid shutdown command was received via the shutdown port. Stopping the Server instance.
27-May-2023 19:52:23.509 INFO [main] org.apache.coyote.AbstractProtocol.pause Pausing ProtocolHandler ["http-nio-8080"]
27-May-2023 19:52:23.532 INFO [main] org.apache.catalina.core.StandardService.stopInternal Stopping service [Catalina]
27-May-2023 19:52:23.536 WARNING [main] org.apache.catalina.loader.WebappClassLoaderBase.clearReferencesObjectStreamClassCaches When running on Java 9 or later you need to add "--add-opens=java.base/java.io=ALL-UNNAMED" to the JVM command line arguments to enable ObjectStream cache memory leak protection. Alternatively, you can suppress this warning by disabling ObjectStream class cache memory leak protection.
27-May-2023 19:52:23.537 WARNING [main] org.apache.catalina.loader.WebappClassLoaderBase.checkThreadLocalsForLeaks When running on Java 9 or later you need to add "--add-opens=java.base/java.lang=ALL-UNNAMED" to the JVM command line arguments to enable ThreadLocal memory leak detection. Alternatively, you can suppress this warning by disabling ThreadLocal memory leak detection.
27-May-2023 19:52:23.542 WARNING [main] org.apache.catalina.loader.WebappClassLoaderBase.clearReferencesRmiTargets When running on Java 9 or later you need to add "--add-opens=java.rmi/sun.rmi.transport=ALL-UNNAMED" to the JVM command line arguments to enable RMI Target memory leak detection. Alternatively, you can suppress this warning by disabling RMI Target memory leak detection.
27-May-2023 19:52:23.553 WARNING [main] org.apache.catalina.loader.WebappClassLoaderBase.clearReferencesObjectStreamClassCaches When running on Java 9 or later you need to add "--add-opens=java.base/java.io=ALL-UNNAMED" to the JVM command line arguments to enable ObjectStream cache memory leak protection. Alternatively, you can suppress this warning by disabling ObjectStream class cache memory leak protection.
27-May-2023 19:52:23.554 WARNING [main] org.apache.catalina.loader.WebappClassLoaderBase.checkThreadLocalsForLeaks When running on Java 9 or later you need to add "--add-opens=java.base/java.lang=ALL-UNNAMED" to the JVM command line arguments to enable ThreadLocal memory leak detection. Alternatively, you can suppress this warning by disabling ThreadLocal memory leak detection.
27-May-2023 19:52:23.554 WARNING [main] org.apache.catalina.loader.WebappClassLoaderBase.clearReferencesRmiTargets When running on Java 9 or later you need to add "--add-opens=java.rmi/sun.rmi.transport=ALL-UNNAMED" to the JVM command line arguments to enable RMI Target memory leak detection. Alternatively, you can suppress this warning by disabling RMI Target memory leak detection.
27-May-2023 19:52:23.558 WARNING [main] org.apache.catalina.loader.WebappClassLoaderBase.clearReferencesObjectStreamClassCaches When running on Java 9 or later you need to add "--add-opens=java.base/java.io=ALL-UNNAMED" to the JVM command line arguments to enable ObjectStream cache memory leak protection. Alternatively, you can suppress this warning by disabling ObjectStream class cache memory leak protection.
27-May-2023 19:52:23.558 WARNING [main] org.apache.catalina.loader.WebappClassLoaderBase.checkThreadLocalsForLeaks When running on Java 9 or later you need to add "--add-opens=java.base/java.lang=ALL-UNNAMED" to the JVM command line arguments to enable ThreadLocal memory leak detection. Alternatively, you can suppress this warning by disabling ThreadLocal memory leak detection.
27-May-2023 19:52:23.559 WARNING [main] org.apache.catalina.loader.WebappClassLoaderBase.clearReferencesRmiTargets When running on Java 9 or later you need to add "--add-opens=java.rmi/sun.rmi.transport=ALL-UNNAMED" to the JVM command line arguments to enable RMI Target memory leak detection. Alternatively, you can suppress this warning by disabling RMI Target memory leak detection.
27-May-2023 19:52:23.563 WARNING [main] org.apache.catalina.loader.WebappClassLoaderBase.clearReferencesObjectStreamClassCaches When running on Java 9 or later you need to add "--add-opens=java.base/java.io=ALL-UNNAMED" to the JVM command line arguments to enable ObjectStream cache memory leak protection. Alternatively, you can suppress this warning by disabling ObjectStream class cache memory leak protection.
27-May-2023 19:52:23.564 WARNING [main] org.apache.catalina.loader.WebappClassLoaderBase.checkThreadLocalsForLeaks When running on Java 9 or later you need to add "--add-opens=java.base/java.lang=ALL-UNNAMED" to the JVM command line arguments to enable ThreadLocal memory leak detection. Alternatively, you can suppress this warning by disabling ThreadLocal memory leak detection.
27-May-2023 19:52:23.564 WARNING [main] org.apache.catalina.loader.WebappClassLoaderBase.clearReferencesRmiTargets When running on Java 9 or later you need to add "--add-opens=java.rmi/sun.rmi.transport=ALL-UNNAMED" to the JVM command line arguments to enable RMI Target memory leak detection. Alternatively, you can suppress this warning by disabling RMI Target memory leak detection.
27-May-2023 19:52:23.567 WARNING [main] org.apache.catalina.loader.WebappClassLoaderBase.clearReferencesObjectStreamClassCaches When running on Java 9 or later you need to add "--add-opens=java.base/java.io=ALL-UNNAMED" to the JVM command line arguments to enable ObjectStream cache memory leak protection. Alternatively, you can suppress this warning by disabling ObjectStream class cache memory leak protection.
27-May-2023 19:52:23.568 WARNING [main] org.apache.catalina.loader.WebappClassLoaderBase.checkThreadLocalsForLeaks When running on Java 9 or later you need to add "--add-opens=java.base/java.lang=ALL-UNNAMED" to the JVM command line arguments to enable ThreadLocal memory leak detection. Alternatively, you can suppress this warning by disabling ThreadLocal memory leak detection.
27-May-2023 19:52:23.569 WARNING [main] org.apache.catalina.loader.WebappClassLoaderBase.clearReferencesRmiTargets When running on Java 9 or later you need to add "--add-opens=java.rmi/sun.rmi.transport=ALL-UNNAMED" to the JVM command line arguments to enable RMI Target memory leak detection. Alternatively, you can suppress this warning by disabling RMI Target memory leak detection.
27-May-2023 19:52:23.570 INFO [main] org.apache.coyote.AbstractProtocol.stop Stopping ProtocolHandler ["http-nio-8080"]
27-May-2023 19:52:23.574 INFO [main] org.apache.coyote.AbstractProtocol.destroy Destroying ProtocolHandler ["http-nio-8080"]
